<?xml version="1.0" encoding="UTF-8"?>
<coverage generated="1705017357574" clover="3.2.0">
  <project timestamp="1705017357574" name="All files">
    <metrics statements="25" coveredstatements="21" conditionals="10" coveredconditionals="7" methods="7" coveredmethods="5" elements="42" coveredelements="33" complexity="0" loc="25" ncloc="25" packages="2" files="2" classes="2"/>
    <package name="node-sonar-app">
      <metrics statements="11" coveredstatements="9" conditionals="1" coveredconditionals="0" methods="3" coveredmethods="2"/>
      <file name="app.ts" path="/home/buteco/estudos/node-sonar-app/app.ts">
        <metrics statements="11" coveredstatements="9" conditionals="1" coveredconditionals="0" methods="3" coveredmethods="2"/>
        <line num="1" count="1" type="stmt"/>
        <line num="3" count="1" type="stmt"/>
        <line num="4" count="1" type="stmt"/>
        <line num="6" count="1" type="stmt"/>
        <line num="7" count="1" type="stmt"/>
        <line num="10" count="1" type="stmt"/>
        <line num="11" count="1" type="stmt"/>
        <line num="14" count="1" type="cond" truecount="0" falsecount="1"/>
        <line num="15" count="0" type="stmt"/>
        <line num="16" count="0" type="stmt"/>
        <line num="20" count="1" type="stmt"/>
      </file>
    </package>
    <package name="node-sonar-app.dist">
      <metrics statements="14" coveredstatements="12" conditionals="9" coveredconditionals="7" methods="4" coveredmethods="3"/>
      <file name="app.js" path="/home/buteco/estudos/node-sonar-app/dist/app.js">
        <metrics statements="14" coveredstatements="12" conditionals="9" coveredconditionals="7" methods="4" coveredmethods="3"/>
        <line num="2" count="1" type="cond" truecount="3" falsecount="0"/>
        <line num="3" count="1" type="cond" truecount="3" falsecount="1"/>
        <line num="5" count="1" type="stmt"/>
        <line num="6" count="1" type="stmt"/>
        <line num="7" count="1" type="stmt"/>
        <line num="8" count="1" type="stmt"/>
        <line num="9" count="1" type="stmt"/>
        <line num="10" count="1" type="stmt"/>
        <line num="12" count="1" type="stmt"/>
        <line num="13" count="1" type="stmt"/>
        <line num="15" count="1" type="cond" truecount="1" falsecount="1"/>
        <line num="16" count="0" type="stmt"/>
        <line num="17" count="0" type="stmt"/>
        <line num="20" count="1" type="stmt"/>
      </file>
    </package>
  </project>
</coverage>
